e:\visualizer\geometry\x64\debug\geometry.pch
e:\visualizer\geometry\x64\debug\vc143.pdb
e:\visualizer\geometry\x64\debug\vc143.idb
e:\visualizer\geometry\x64\debug\pch.obj
e:\visualizer\geometry\x64\debug\triangulation.obj
e:\visualizer\geometry\x64\debug\triangle.obj
e:\visualizer\geometry\x64\debug\shape.obj
e:\visualizer\geometry\x64\debug\point3d.obj
e:\visualizer\geometry\x64\debug\line.obj
e:\visualizer\geometry\x64\debug\geometry.obj
e:\visualizer\geometry\x64\debug\dllmain.obj
e:\visualizer\geometry\x64\debug\geometry.ilk
e:\visualizer\x64\debug\geometry.dll
e:\visualizer\x64\debug\geometry.pdb
e:\visualizer\x64\debug\geometry.lib
e:\visualizer\x64\debug\geometry.exp
e:\visualizer\geometry\x64\debug\geometry.tlog\cl.command.1.tlog
e:\visualizer\geometry\x64\debug\geometry.tlog\cl.items.tlog
e:\visualizer\geometry\x64\debug\geometry.tlog\cl.read.1.tlog
e:\visualizer\geometry\x64\debug\geometry.tlog\cl.write.1.tlog
e:\visualizer\geometry\x64\debug\geometry.tlog\link.command.1.tlog
e:\visualizer\geometry\x64\debug\geometry.tlog\link.read.1.tlog
e:\visualizer\geometry\x64\debug\geometry.tlog\link.write.1.tlog
e:\visualizer\geometry\x64\debug\geometry.tlog\link.write.2u.tlog
